# JRE version: OpenJDK Runtime Environment (11.0.12+7) (build 11.0.12+7-b1504.28-7817840)
# Java VM: OpenJDK 64-Bit Server VM (11.0.12+7-b1504.28-7817840, mixed mode, tiered, compressed oops, g1 gc, windows-amd64)
Heap:
 garbage-first heap   total 348160K, used 212484K [0x0000000080000000, 0x0000000100000000)
  region size 1024K, 15 young (15360K), 2 survivors (2048K)
 Metaspace       used 124525K, capacity 128004K, committed 128280K, reserved 1161216K
  class space    used 15259K, capacity 16453K, committed 16512K, reserved 1048576K
GC Heap History (20 events):
Event: 278.544 GC heap before
{Heap before GC invocations=52 (full 0):
 garbage-first heap   total 225280K, used 192640K [0x0000000080000000, 0x0000000100000000)
  region size 1024K, 15 young (15360K), 3 survivors (3072K)
 Metaspace       used 119977K, capacity 123545K, committed 123800K, reserved 1157120K
  class space    used 14898K, capacity 16117K, committed 16128K, reserved 1048576K
}
Event: 278.550 GC heap after
{Heap after GC invocations=53 (full 0):
 garbage-first heap   total 225280K, used 184527K [0x0000000080000000, 0x0000000100000000)
  region size 1024K, 2 young (2048K), 2 survivors (2048K)
 Metaspace       used 119977K, capacity 123545K, committed 123800K, reserved 1157120K
  class space    used 14898K, capacity 16117K, committed 16128K, reserved 1048576K
}
Event: 278.680 GC heap before
{Heap before GC invocations=53 (full 0):
 garbage-first heap   total 225280K, used 194767K [0x0000000080000000, 0x0000000100000000)
  region size 1024K, 11 young (11264K), 2 survivors (2048K)
 Metaspace       used 120209K, capacity 123801K, committed 124056K, reserved 1157120K
  class space    used 14915K, capacity 16117K, committed 16128K, reserved 1048576K
}
Event: 278.687 GC heap after
{Heap after GC invocations=54 (full 0):
 garbage-first heap   total 225280K, used 185511K [0x0000000080000000, 0x0000000100000000)
  region size 1024K, 2 young (2048K), 2 survivors (2048K)
 Metaspace       used 120209K, capacity 123801K, committed 124056K, reserved 1157120K
  class space    used 14915K, capacity 16117K, committed 16128K, reserved 1048576K
}
Event: 278.694 GC heap before
{Heap before GC invocations=54 (full 0):
 garbage-first heap   total 225280K, used 185511K [0x0000000080000000, 0x0000000100000000)
  region size 1024K, 3 young (3072K), 2 survivors (2048K)
 Metaspace       used 120209K, capacity 123801K, committed 124056K, reserved 1157120K
  class space    used 14915K, capacity 16117K, committed 16128K, reserved 1048576K
}
Event: 278.697 GC heap after
{Heap after GC invocations=55 (full 0):
 garbage-first heap   total 225280K, used 185573K [0x0000000080000000, 0x0000000100000000)
  region size 1024K, 2 young (2048K), 2 survivors (2048K)
 Metaspace       used 120209K, capacity 123801K, committed 124056K, reserved 1157120K
  class space    used 14915K, capacity 16117K, committed 16128K, reserved 1048576K
}
Event: 278.868 GC heap before
{Heap before GC invocations=55 (full 0):
 garbage-first heap   total 225280K, used 202981K [0x0000000080000000, 0x0000000100000000)
  region size 1024K, 12 young (12288K), 2 survivors (2048K)
 Metaspace       used 120264K, capacity 123866K, committed 124056K, reserved 1157120K
  class space    used 14917K, capacity 16117K, committed 16128K, reserved 1048576K
}
Event: 278.873 GC heap after
{Heap after GC invocations=56 (full 0):
 garbage-first heap   total 225280K, used 185975K [0x0000000080000000, 0x0000000100000000)
  region size 1024K, 2 young (2048K), 2 survivors (2048K)
 Metaspace       used 120264K, capacity 123866K, committed 124056K, reserved 1157120K
  class space    used 14917K, capacity 16117K, committed 16128K, reserved 1048576K
}
Event: 278.978 GC heap before
{Heap before GC invocations=57 (full 0):
 garbage-first heap   total 225280K, used 194167K [0x0000000080000000, 0x0000000100000000)
  region size 1024K, 11 young (11264K), 2 survivors (2048K)
 Metaspace       used 120275K, capacity 123866K, committed 124056K, reserved 1157120K
  class space    used 14917K, capacity 16117K, committed 16128K, reserved 1048576K
}
Event: 278.982 GC heap after
{Heap after GC invocations=58 (full 0):
 garbage-first heap   total 225280K, used 187517K [0x0000000080000000, 0x0000000100000000)
  region size 1024K, 2 young (2048K), 2 survivors (2048K)
 Metaspace       used 120275K, capacity 123866K, committed 124056K, reserved 1157120K
  class space    used 14917K, capacity 16117K, committed 16128K, reserved 1048576K
}
Event: 279.117 GC heap before
{Heap before GC invocations=58 (full 0):
 garbage-first heap   total 225280K, used 196733K [0x0000000080000000, 0x0000000100000000)
  region size 1024K, 11 young (11264K), 2 survivors (2048K)
 Metaspace       used 120323K, capacity 123870K, committed 124056K, reserved 1157120K
  class space    used 14919K, capacity 16118K, committed 16128K, reserved 1048576K
}
Event: 279.122 GC heap after
{Heap after GC invocations=59 (full 0):
 garbage-first heap   total 270336K, used 185728K [0x0000000080000000, 0x0000000100000000)
  region size 1024K, 1 young (1024K), 1 survivors (1024K)
 Metaspace       used 120323K, capacity 123870K, committed 124056K, reserved 1157120K
  class space    used 14919K, capacity 16118K, committed 16128K, reserved 1048576K
}
Event: 279.239 GC heap before
{Heap before GC invocations=59 (full 0):
 garbage-first heap   total 270336K, used 201088K [0x0000000080000000, 0x0000000100000000)
  region size 1024K, 14 young (14336K), 1 survivors (1024K)
 Metaspace       used 120353K, capacity 123876K, committed 124056K, reserved 1157120K
  class space    used 14922K, capacity 16120K, committed 16128K, reserved 1048576K
}
Event: 279.247 GC heap after
{Heap after GC invocations=60 (full 0):
 garbage-first heap   total 270336K, used 192678K [0x0000000080000000, 0x0000000100000000)
  region size 1024K, 4 young (4096K), 4 survivors (4096K)
 Metaspace       used 120353K, capacity 123876K, committed 124056K, reserved 1157120K
  class space    used 14922K, capacity 16120K, committed 16128K, reserved 1048576K
}
Event: 279.391 GC heap before
{Heap before GC invocations=60 (full 0):
 garbage-first heap   total 270336K, used 229542K [0x0000000080000000, 0x0000000100000000)
  region size 1024K, 27 young (27648K), 4 survivors (4096K)
 Metaspace       used 120687K, capacity 124230K, committed 124440K, reserved 1157120K
  class space    used 14947K, capacity 16164K, committed 16256K, reserved 1048576K
}
Event: 279.398 GC heap after
{Heap after GC invocations=61 (full 0):
 garbage-first heap   total 270336K, used 195142K [0x0000000080000000, 0x0000000100000000)
  region size 1024K, 4 young (4096K), 4 survivors (4096K)
 Metaspace       used 120687K, capacity 124230K, committed 124440K, reserved 1157120K
  class space    used 14947K, capacity 16164K, committed 16256K, reserved 1048576K
}
Event: 279.571 GC heap before
{Heap before GC invocations=62 (full 0):
 garbage-first heap   total 270336K, used 217670K [0x0000000080000000, 0x0000000100000000)
  region size 1024K, 27 young (27648K), 4 survivors (4096K)
 Metaspace       used 123028K, capacity 126564K, committed 126872K, reserved 1159168K
  class space    used 15144K, capacity 16357K, committed 16384K, reserved 1048576K
}
Event: 279.575 GC heap after
{Heap after GC invocations=63 (full 0):
 garbage-first heap   total 270336K, used 198787K [0x0000000080000000, 0x0000000100000000)
  region size 1024K, 4 young (4096K), 4 survivors (4096K)
 Metaspace       used 123028K, capacity 126564K, committed 126872K, reserved 1159168K
  class space    used 15144K, capacity 16357K, committed 16384K, reserved 1048576K
}
Event: 279.697 GC heap before
{Heap before GC invocations=63 (full 0):
 garbage-first heap   total 270336K, used 220291K [0x0000000080000000, 0x0000000100000000)
  region size 1024K, 26 young (26624K), 4 survivors (4096K)
 Metaspace       used 124362K, capacity 127876K, committed 128024K, reserved 1161216K
  class space    used 15259K, capacity 16453K, committed 16512K, reserved 1048576K
}
Event: 279.705 GC heap after
{Heap after GC invocations=64 (full 0):
 garbage-first heap   total 348160K, used 200196K [0x0000000080000000, 0x0000000100000000)
  region size 1024K, 2 young (2048K), 2 survivors (2048K)
 Metaspace       used 124362K, capacity 127876K, committed 128024K, reserved 1161216K
  class space    used 15259K, capacity 16453K, committed 16512K, reserved 1048576K
}

