# JRE version: OpenJDK Runtime Environment (11.0.12+7) (build 11.0.12+7-b1504.28-7817840)
# Java VM: OpenJDK 64-Bit Server VM (11.0.12+7-b1504.28-7817840, mixed mode, tiered, compressed oops, g1 gc, windows-amd64)
Heap:
 garbage-first heap   total 225280K, used 157165K [0x0000000080000000, 0x0000000100000000)
  region size 1024K, 53 young (54272K), 10 survivors (10240K)
 Metaspace       used 119462K, capacity 123153K, committed 123384K, reserved 1155072K
  class space    used 15466K, capacity 16922K, committed 16972K, reserved 1048576K
GC Heap History (20 events):
Event: 5.993 GC heap before
{Heap before GC invocations=16 (full 0):
 garbage-first heap   total 187392K, used 132044K [0x0000000080000000, 0x0000000100000000)
  region size 1024K, 78 young (79872K), 6 survivors (6144K)
 Metaspace       used 73978K, capacity 75737K, committed 75904K, reserved 1114112K
  class space    used 9625K, capacity 10267K, committed 10368K, reserved 1048576K
}
Event: 6.000 GC heap after
{Heap after GC invocations=17 (full 0):
 garbage-first heap   total 225280K, used 63012K [0x0000000080000000, 0x0000000100000000)
  region size 1024K, 10 young (10240K), 10 survivors (10240K)
 Metaspace       used 73978K, capacity 75737K, committed 75904K, reserved 1114112K
  class space    used 9625K, capacity 10267K, committed 10368K, reserved 1048576K
}
Event: 6.765 GC heap before
{Heap before GC invocations=17 (full 0):
 garbage-first heap   total 225280K, used 154148K [0x0000000080000000, 0x0000000100000000)
  region size 1024K, 100 young (102400K), 10 survivors (10240K)
 Metaspace       used 82676K, capacity 84682K, committed 84736K, reserved 1122304K
  class space    used 10741K, capacity 11483K, committed 11520K, reserved 1048576K
}
Event: 6.774 GC heap after
{Heap after GC invocations=18 (full 0):
 garbage-first heap   total 225280K, used 70795K [0x0000000080000000, 0x0000000100000000)
  region size 1024K, 13 young (13312K), 13 survivors (13312K)
 Metaspace       used 82676K, capacity 84682K, committed 84736K, reserved 1122304K
  class space    used 10741K, capacity 11483K, committed 11520K, reserved 1048576K
}
Event: 7.393 GC heap before
{Heap before GC invocations=18 (full 0):
 garbage-first heap   total 225280K, used 165003K [0x0000000080000000, 0x0000000100000000)
  region size 1024K, 104 young (106496K), 13 survivors (13312K)
 Metaspace       used 85487K, capacity 87806K, committed 88064K, reserved 1126400K
  class space    used 11164K, capacity 12012K, committed 12032K, reserved 1048576K
}
Event: 7.402 GC heap after
{Heap after GC invocations=19 (full 0):
 garbage-first heap   total 225280K, used 81397K [0x0000000080000000, 0x0000000100000000)
  region size 1024K, 9 young (9216K), 9 survivors (9216K)
 Metaspace       used 85487K, capacity 87806K, committed 88064K, reserved 1126400K
  class space    used 11164K, capacity 12012K, committed 12032K, reserved 1048576K
}
Event: 7.961 GC heap before
{Heap before GC invocations=19 (full 0):
 garbage-first heap   total 225280K, used 196085K [0x0000000080000000, 0x0000000100000000)
  region size 1024K, 97 young (99328K), 9 survivors (9216K)
 Metaspace       used 87709K, capacity 90061K, committed 90112K, reserved 1126400K
  class space    used 11400K, capacity 12286K, committed 12288K, reserved 1048576K
}
Event: 7.966 GC heap after
{Heap after GC invocations=20 (full 0):
 garbage-first heap   total 225280K, used 79605K [0x0000000080000000, 0x0000000100000000)
  region size 1024K, 2 young (2048K), 2 survivors (2048K)
 Metaspace       used 87709K, capacity 90061K, committed 90112K, reserved 1126400K
  class space    used 11400K, capacity 12286K, committed 12288K, reserved 1048576K
}
Event: 8.377 GC heap before
{Heap before GC invocations=20 (full 0):
 garbage-first heap   total 225280K, used 172789K [0x0000000080000000, 0x0000000100000000)
  region size 1024K, 94 young (96256K), 2 survivors (2048K)
 Metaspace       used 91381K, capacity 93767K, committed 94080K, reserved 1130496K
  class space    used 11735K, capacity 12603K, committed 12672K, reserved 1048576K
}
Event: 8.384 GC heap after
{Heap after GC invocations=21 (full 0):
 garbage-first heap   total 225280K, used 86602K [0x0000000080000000, 0x0000000100000000)
  region size 1024K, 9 young (9216K), 9 survivors (9216K)
 Metaspace       used 91381K, capacity 93767K, committed 94080K, reserved 1130496K
  class space    used 11735K, capacity 12603K, committed 12672K, reserved 1048576K
}
Event: 8.749 GC heap before
{Heap before GC invocations=21 (full 0):
 garbage-first heap   total 225280K, used 176714K [0x0000000080000000, 0x0000000100000000)
  region size 1024K, 98 young (100352K), 9 survivors (9216K)
 Metaspace       used 94053K, capacity 96520K, committed 96640K, reserved 1132544K
  class space    used 11925K, capacity 12810K, committed 12928K, reserved 1048576K
}
Event: 8.754 GC heap after
{Heap after GC invocations=22 (full 0):
 garbage-first heap   total 225280K, used 87254K [0x0000000080000000, 0x0000000100000000)
  region size 1024K, 5 young (5120K), 5 survivors (5120K)
 Metaspace       used 94053K, capacity 96520K, committed 96640K, reserved 1132544K
  class space    used 11925K, capacity 12810K, committed 12928K, reserved 1048576K
}
Event: 9.028 GC heap before
{Heap before GC invocations=22 (full 0):
 garbage-first heap   total 225280K, used 139478K [0x0000000080000000, 0x0000000100000000)
  region size 1024K, 58 young (59392K), 5 survivors (5120K)
 Metaspace       used 97753K, capacity 100178K, committed 100268K, reserved 1136640K
  class space    used 12392K, capacity 13297K, committed 13312K, reserved 1048576K
}
Event: 9.035 GC heap after
{Heap after GC invocations=23 (full 0):
 garbage-first heap   total 225280K, used 89033K [0x0000000080000000, 0x0000000100000000)
  region size 1024K, 7 young (7168K), 7 survivors (7168K)
 Metaspace       used 97753K, capacity 100178K, committed 100268K, reserved 1136640K
  class space    used 12392K, capacity 13297K, committed 13312K, reserved 1048576K
}
Event: 10.858 GC heap before
{Heap before GC invocations=24 (full 0):
 garbage-first heap   total 225280K, used 169929K [0x0000000080000000, 0x0000000100000000)
  region size 1024K, 87 young (89088K), 7 survivors (7168K)
 Metaspace       used 99131K, capacity 101410K, committed 102008K, reserved 1138688K
  class space    used 12489K, capacity 13321K, committed 13516K, reserved 1048576K
}
Event: 10.867 GC heap after
{Heap after GC invocations=25 (full 0):
 garbage-first heap   total 225280K, used 94128K [0x0000000080000000, 0x0000000100000000)
  region size 1024K, 8 young (8192K), 8 survivors (8192K)
 Metaspace       used 99131K, capacity 101410K, committed 102008K, reserved 1138688K
  class space    used 12489K, capacity 13321K, committed 13516K, reserved 1048576K
}
Event: 11.892 GC heap before
{Heap before GC invocations=26 (full 0):
 garbage-first heap   total 225280K, used 176048K [0x0000000080000000, 0x0000000100000000)
  region size 1024K, 87 young (89088K), 8 survivors (8192K)
 Metaspace       used 106889K, capacity 109377K, committed 109560K, reserved 1144832K
  class space    used 13460K, capacity 14375K, committed 14412K, reserved 1048576K
}
Event: 11.929 GC heap after
{Heap after GC invocations=27 (full 0):
 garbage-first heap   total 225280K, used 108279K [0x0000000080000000, 0x0000000100000000)
  region size 1024K, 11 young (11264K), 11 survivors (11264K)
 Metaspace       used 106889K, capacity 109377K, committed 109560K, reserved 1144832K
  class space    used 13460K, capacity 14375K, committed 14412K, reserved 1048576K
}
Event: 12.440 GC heap before
{Heap before GC invocations=27 (full 0):
 garbage-first heap   total 225280K, used 178935K [0x0000000080000000, 0x0000000100000000)
  region size 1024K, 79 young (80896K), 11 survivors (11264K)
 Metaspace       used 114420K, capacity 117533K, committed 117624K, reserved 1150976K
  class space    used 14579K, capacity 15787K, committed 15820K, reserved 1048576K
}
Event: 12.453 GC heap after
{Heap after GC invocations=28 (full 0):
 garbage-first heap   total 225280K, used 115181K [0x0000000080000000, 0x0000000100000000)
  region size 1024K, 10 young (10240K), 10 survivors (10240K)
 Metaspace       used 114420K, capacity 117533K, committed 117624K, reserved 1150976K
  class space    used 14579K, capacity 15787K, committed 15820K, reserved 1048576K
}

