# JRE version: OpenJDK Runtime Environment (11.0.12+7) (build 11.0.12+7-b1504.28-7817840)
# Java VM: OpenJDK 64-Bit Server VM (11.0.12+7-b1504.28-7817840, mixed mode, tiered, compressed oops, g1 gc, windows-amd64)
Heap:
 garbage-first heap   total 833536K, used 206353K [0x0000000080000000, 0x0000000100000000)
  region size 1024K, 4 young (4096K), 4 survivors (4096K)
 Metaspace       used 151494K, capacity 155718K, committed 155844K, reserved 1183744K
  class space    used 19539K, capacity 21081K, committed 21188K, reserved 1048576K
GC Heap History (20 events):
Event: 53.267 GC heap after
{Heap after GC invocations=56 (full 0):
 garbage-first heap   total 187392K, used 148617K [0x0000000080000000, 0x0000000100000000)
  region size 1024K, 2 young (2048K), 2 survivors (2048K)
 Metaspace       used 140897K, capacity 144563K, committed 144836K, reserved 1175552K
  class space    used 18058K, capacity 19347K, committed 19396K, reserved 1048576K
}
Event: 53.324 GC heap before
{Heap before GC invocations=57 (full 0):
 garbage-first heap   total 187392K, used 160905K [0x0000000080000000, 0x0000000100000000)
  region size 1024K, 14 young (14336K), 2 survivors (2048K)
 Metaspace       used 142018K, capacity 145692K, committed 145732K, reserved 1175552K
  class space    used 18204K, capacity 19510K, committed 19524K, reserved 1048576K
}
Event: 53.327 GC heap after
{Heap after GC invocations=58 (full 0):
 garbage-first heap   total 187392K, used 150065K [0x0000000080000000, 0x0000000100000000)
  region size 1024K, 2 young (2048K), 2 survivors (2048K)
 Metaspace       used 142018K, capacity 145692K, committed 145732K, reserved 1175552K
  class space    used 18204K, capacity 19510K, committed 19524K, reserved 1048576K
}
Event: 53.346 GC heap before
{Heap before GC invocations=58 (full 0):
 garbage-first heap   total 187392K, used 157233K [0x0000000080000000, 0x0000000100000000)
  region size 1024K, 9 young (9216K), 2 survivors (2048K)
 Metaspace       used 142261K, capacity 145984K, committed 146116K, reserved 1175552K
  class space    used 18224K, capacity 19543K, committed 19652K, reserved 1048576K
}
Event: 53.354 GC heap after
{Heap after GC invocations=59 (full 0):
 garbage-first heap   total 225280K, used 141133K [0x0000000080000000, 0x0000000100000000)
  region size 1024K, 2 young (2048K), 2 survivors (2048K)
 Metaspace       used 142261K, capacity 145984K, committed 146116K, reserved 1175552K
  class space    used 18224K, capacity 19543K, committed 19652K, reserved 1048576K
}
Event: 53.436 GC heap before
{Heap before GC invocations=59 (full 0):
 garbage-first heap   total 225280K, used 179021K [0x0000000080000000, 0x0000000100000000)
  region size 1024K, 39 young (39936K), 2 survivors (2048K)
 Metaspace       used 142992K, capacity 146713K, committed 146884K, reserved 1177600K
  class space    used 18331K, capacity 19633K, committed 19652K, reserved 1048576K
}
Event: 53.444 GC heap after
{Heap after GC invocations=60 (full 0):
 garbage-first heap   total 225280K, used 149106K [0x0000000080000000, 0x0000000100000000)
  region size 1024K, 5 young (5120K), 5 survivors (5120K)
 Metaspace       used 142992K, capacity 146713K, committed 146884K, reserved 1177600K
  class space    used 18331K, capacity 19633K, committed 19652K, reserved 1048576K
}
Event: 53.532 GC heap before
{Heap before GC invocations=60 (full 0):
 garbage-first heap   total 225280K, used 182898K [0x0000000080000000, 0x0000000100000000)
  region size 1024K, 38 young (38912K), 5 survivors (5120K)
 Metaspace       used 143674K, capacity 147392K, committed 147524K, reserved 1177600K
  class space    used 18416K, capacity 19730K, committed 19780K, reserved 1048576K
}
Event: 53.543 GC heap after
{Heap after GC invocations=61 (full 0):
 garbage-first heap   total 225280K, used 156174K [0x0000000080000000, 0x0000000100000000)
  region size 1024K, 5 young (5120K), 5 survivors (5120K)
 Metaspace       used 143674K, capacity 147392K, committed 147524K, reserved 1177600K
  class space    used 18416K, capacity 19730K, committed 19780K, reserved 1048576K
}
Event: 53.626 GC heap before
{Heap before GC invocations=61 (full 0):
 garbage-first heap   total 225280K, used 185870K [0x0000000080000000, 0x0000000100000000)
  region size 1024K, 35 young (35840K), 5 survivors (5120K)
 Metaspace       used 144431K, capacity 148150K, committed 148420K, reserved 1177600K
  class space    used 18497K, capacity 19831K, committed 19908K, reserved 1048576K
}
Event: 53.638 GC heap after
{Heap after GC invocations=62 (full 0):
 garbage-first heap   total 225280K, used 162538K [0x0000000080000000, 0x0000000100000000)
  region size 1024K, 5 young (5120K), 5 survivors (5120K)
 Metaspace       used 144431K, capacity 148150K, committed 148420K, reserved 1177600K
  class space    used 18497K, capacity 19831K, committed 19908K, reserved 1048576K
}
Event: 53.680 GC heap before
{Heap before GC invocations=62 (full 0):
 garbage-first heap   total 225280K, used 189162K [0x0000000080000000, 0x0000000100000000)
  region size 1024K, 31 young (31744K), 5 survivors (5120K)
 Metaspace       used 144568K, capacity 148280K, committed 148420K, reserved 1177600K
  class space    used 18497K, capacity 19831K, committed 19908K, reserved 1048576K
}
Event: 53.690 GC heap after
{Heap after GC invocations=63 (full 0):
 garbage-first heap   total 470016K, used 167616K [0x0000000080000000, 0x0000000100000000)
  region size 1024K, 4 young (4096K), 4 survivors (4096K)
 Metaspace       used 144568K, capacity 148280K, committed 148420K, reserved 1177600K
  class space    used 18497K, capacity 19831K, committed 19908K, reserved 1048576K
}
Event: 53.871 GC heap before
{Heap before GC invocations=63 (full 0):
 garbage-first heap   total 470016K, used 272064K [0x0000000080000000, 0x0000000100000000)
  region size 1024K, 106 young (108544K), 4 survivors (4096K)
 Metaspace       used 144817K, capacity 148513K, committed 149060K, reserved 1177600K
  class space    used 18521K, capacity 19836K, committed 20036K, reserved 1048576K
}
Event: 53.890 GC heap after
{Heap after GC invocations=64 (full 0):
 garbage-first heap   total 470016K, used 186368K [0x0000000080000000, 0x0000000100000000)
  region size 1024K, 14 young (14336K), 14 survivors (14336K)
 Metaspace       used 144817K, capacity 148513K, committed 149060K, reserved 1177600K
  class space    used 18521K, capacity 19836K, committed 20036K, reserved 1048576K
}
Event: 54.099 GC heap before
{Heap before GC invocations=65 (full 0):
 garbage-first heap   total 470016K, used 296960K [0x0000000080000000, 0x0000000100000000)
  region size 1024K, 123 young (125952K), 14 survivors (14336K)
 Metaspace       used 148315K, capacity 152350K, committed 152516K, reserved 1181696K
  class space    used 19201K, capacity 20657K, committed 20676K, reserved 1048576K
}
Event: 54.120 GC heap after
{Heap after GC invocations=66 (full 0):
 garbage-first heap   total 470016K, used 203294K [0x0000000080000000, 0x0000000100000000)
  region size 1024K, 16 young (16384K), 16 survivors (16384K)
 Metaspace       used 148315K, capacity 152350K, committed 152516K, reserved 1181696K
  class space    used 19201K, capacity 20657K, committed 20676K, reserved 1048576K
}
Event: 54.552 GC heap before
{Heap before GC invocations=66 (full 0):
 garbage-first heap   total 470016K, used 321054K [0x0000000080000000, 0x0000000100000000)
  region size 1024K, 131 young (134144K), 16 survivors (16384K)
 Metaspace       used 149971K, capacity 154043K, committed 154308K, reserved 1183744K
  class space    used 19380K, capacity 20890K, committed 20932K, reserved 1048576K
}
Event: 54.563 GC heap after
{Heap after GC invocations=67 (full 0):
 garbage-first heap   total 470016K, used 205474K [0x0000000080000000, 0x0000000100000000)
  region size 1024K, 3 young (3072K), 3 survivors (3072K)
 Metaspace       used 149971K, capacity 154043K, committed 154308K, reserved 1183744K
  class space    used 19380K, capacity 20890K, committed 20932K, reserved 1048576K
}
Event: 54.871 GC heap before
{Heap before GC invocations=67 (full 0):
 garbage-first heap   total 470016K, used 330402K [0x0000000080000000, 0x0000000100000000)
  region size 1024K, 125 young (128000K), 3 survivors (3072K)
 Metaspace       used 151494K, capacity 155718K, committed 155844K, reserved 1183744K
  class space    used 19539K, capacity 21081K, committed 21188K, reserved 1048576K
}

