# JRE version: OpenJDK Runtime Environment (11.0.12+7) (build 11.0.12+7-b1504.28-7817840)
# Java VM: OpenJDK 64-Bit Server VM (11.0.12+7-b1504.28-7817840, mixed mode, tiered, compressed oops, g1 gc, windows-amd64)
Heap:
 garbage-first heap   total 187392K, used 114801K [0x0000000080000000, 0x0000000100000000)
  region size 1024K, 35 young (35840K), 6 survivors (6144K)
 Metaspace       used 76693K, capacity 78672K, committed 78872K, reserved 1118208K
  class space    used 9907K, capacity 10590K, committed 10624K, reserved 1048576K
GC Heap History (20 events):
Event: 5.051 GC heap before
{Heap before GC invocations=11 (full 0):
 garbage-first heap   total 155648K, used 108845K [0x0000000080000000, 0x0000000100000000)
  region size 1024K, 58 young (59392K), 5 survivors (5120K)
 Metaspace       used 48493K, capacity 49907K, committed 50048K, reserved 1093632K
  class space    used 6243K, capacity 6757K, committed 6784K, reserved 1048576K
}
Event: 5.057 GC heap after
{Heap after GC invocations=12 (full 0):
 garbage-first heap   total 155648K, used 58039K [0x0000000080000000, 0x0000000100000000)
  region size 1024K, 5 young (5120K), 5 survivors (5120K)
 Metaspace       used 48493K, capacity 49907K, committed 50048K, reserved 1093632K
  class space    used 6243K, capacity 6757K, committed 6784K, reserved 1048576K
}
Event: 5.698 GC heap before
{Heap before GC invocations=12 (full 0):
 garbage-first heap   total 155648K, used 108215K [0x0000000080000000, 0x0000000100000000)
  region size 1024K, 55 young (56320K), 5 survivors (5120K)
 Metaspace       used 51346K, capacity 52883K, committed 53120K, reserved 1095680K
  class space    used 6632K, capacity 7170K, committed 7296K, reserved 1048576K
}
Event: 5.703 GC heap after
{Heap after GC invocations=13 (full 0):
 garbage-first heap   total 155648K, used 60205K [0x0000000080000000, 0x0000000100000000)
  region size 1024K, 3 young (3072K), 3 survivors (3072K)
 Metaspace       used 51346K, capacity 52883K, committed 53120K, reserved 1095680K
  class space    used 6632K, capacity 7170K, committed 7296K, reserved 1048576K
}
Event: 6.276 GC heap before
{Heap before GC invocations=13 (full 0):
 garbage-first heap   total 155648K, used 116525K [0x0000000080000000, 0x0000000100000000)
  region size 1024K, 55 young (56320K), 3 survivors (3072K)
 Metaspace       used 55715K, capacity 57351K, committed 57472K, reserved 1099776K
  class space    used 7180K, capacity 7757K, committed 7808K, reserved 1048576K
}
Event: 6.281 GC heap after
{Heap after GC invocations=14 (full 0):
 garbage-first heap   total 155648K, used 71862K [0x0000000080000000, 0x0000000100000000)
  region size 1024K, 7 young (7168K), 7 survivors (7168K)
 Metaspace       used 55715K, capacity 57351K, committed 57472K, reserved 1099776K
  class space    used 7180K, capacity 7757K, committed 7808K, reserved 1048576K
}
Event: 6.478 GC heap before
{Heap before GC invocations=14 (full 0):
 garbage-first heap   total 155648K, used 89270K [0x0000000080000000, 0x0000000100000000)
  region size 1024K, 25 young (25600K), 7 survivors (7168K)
 Metaspace       used 58331K, capacity 60037K, committed 60160K, reserved 1101824K
  class space    used 7495K, capacity 8096K, committed 8192K, reserved 1048576K
}
Event: 6.481 GC heap after
{Heap after GC invocations=15 (full 0):
 garbage-first heap   total 155648K, used 73037K [0x0000000080000000, 0x0000000100000000)
  region size 1024K, 1 young (1024K), 1 survivors (1024K)
 Metaspace       used 58331K, capacity 60037K, committed 60160K, reserved 1101824K
  class space    used 7495K, capacity 8096K, committed 8192K, reserved 1048576K
}
Event: 6.959 GC heap before
{Heap before GC invocations=16 (full 0):
 garbage-first heap   total 155648K, used 109901K [0x0000000080000000, 0x0000000100000000)
  region size 1024K, 37 young (37888K), 1 survivors (1024K)
 Metaspace       used 64157K, capacity 65925K, committed 66072K, reserved 1105920K
  class space    used 8181K, capacity 8820K, committed 8832K, reserved 1048576K
}
Event: 6.963 GC heap after
{Heap after GC invocations=17 (full 0):
 garbage-first heap   total 155648K, used 75283K [0x0000000080000000, 0x0000000100000000)
  region size 1024K, 4 young (4096K), 4 survivors (4096K)
 Metaspace       used 64157K, capacity 65925K, committed 66072K, reserved 1105920K
  class space    used 8181K, capacity 8820K, committed 8832K, reserved 1048576K
}
Event: 7.263 GC heap before
{Heap before GC invocations=18 (full 0):
 garbage-first heap   total 155648K, used 111123K [0x0000000080000000, 0x0000000100000000)
  region size 1024K, 40 young (40960K), 4 survivors (4096K)
 Metaspace       used 66634K, capacity 68429K, committed 68760K, reserved 1110016K
  class space    used 8485K, capacity 9116K, committed 9216K, reserved 1048576K
}
Event: 7.267 GC heap after
{Heap after GC invocations=19 (full 0):
 garbage-first heap   total 155648K, used 78089K [0x0000000080000000, 0x0000000100000000)
  region size 1024K, 5 young (5120K), 5 survivors (5120K)
 Metaspace       used 66634K, capacity 68429K, committed 68760K, reserved 1110016K
  class space    used 8485K, capacity 9116K, committed 9216K, reserved 1048576K
}
Event: 7.391 GC heap before
{Heap before GC invocations=19 (full 0):
 garbage-first heap   total 155648K, used 91401K [0x0000000080000000, 0x0000000100000000)
  region size 1024K, 19 young (19456K), 5 survivors (5120K)
 Metaspace       used 67787K, capacity 69591K, committed 69656K, reserved 1110016K
  class space    used 8645K, capacity 9289K, committed 9344K, reserved 1048576K
}
Event: 7.397 GC heap after
{Heap after GC invocations=20 (full 0):
 garbage-first heap   total 155648K, used 79453K [0x0000000080000000, 0x0000000100000000)
  region size 1024K, 5 young (5120K), 5 survivors (5120K)
 Metaspace       used 67787K, capacity 69591K, committed 69656K, reserved 1110016K
  class space    used 8645K, capacity 9289K, committed 9344K, reserved 1048576K
}
Event: 7.620 GC heap before
{Heap before GC invocations=21 (full 0):
 garbage-first heap   total 155648K, used 111197K [0x0000000080000000, 0x0000000100000000)
  region size 1024K, 35 young (35840K), 5 survivors (5120K)
 Metaspace       used 68719K, capacity 70607K, committed 70808K, reserved 1110016K
  class space    used 8793K, capacity 9470K, committed 9472K, reserved 1048576K
}
Event: 7.625 GC heap after
{Heap after GC invocations=22 (full 0):
 garbage-first heap   total 187392K, used 81232K [0x0000000080000000, 0x0000000100000000)
  region size 1024K, 3 young (3072K), 3 survivors (3072K)
 Metaspace       used 68719K, capacity 70607K, committed 70808K, reserved 1110016K
  class space    used 8793K, capacity 9470K, committed 9472K, reserved 1048576K
}
Event: 8.006 GC heap before
{Heap before GC invocations=22 (full 0):
 garbage-first heap   total 187392K, used 126288K [0x0000000080000000, 0x0000000100000000)
  region size 1024K, 47 young (48128K), 3 survivors (3072K)
 Metaspace       used 71721K, capacity 73608K, committed 73880K, reserved 1114112K
  class space    used 9231K, capacity 9897K, committed 9984K, reserved 1048576K
}
Event: 8.010 GC heap after
{Heap after GC invocations=23 (full 0):
 garbage-first heap   total 187392K, used 84193K [0x0000000080000000, 0x0000000100000000)
  region size 1024K, 6 young (6144K), 6 survivors (6144K)
 Metaspace       used 71721K, capacity 73608K, committed 73880K, reserved 1114112K
  class space    used 9231K, capacity 9897K, committed 9984K, reserved 1048576K
}
Event: 8.394 GC heap before
{Heap before GC invocations=23 (full 0):
 garbage-first heap   total 187392K, used 131297K [0x0000000080000000, 0x0000000100000000)
  region size 1024K, 52 young (53248K), 6 survivors (6144K)
 Metaspace       used 74972K, capacity 76858K, committed 76952K, reserved 1116160K
  class space    used 9770K, capacity 10438K, committed 10496K, reserved 1048576K
}
Event: 8.399 GC heap after
{Heap after GC invocations=24 (full 0):
 garbage-first heap   total 187392K, used 87153K [0x0000000080000000, 0x0000000100000000)
  region size 1024K, 6 young (6144K), 6 survivors (6144K)
 Metaspace       used 74972K, capacity 76858K, committed 76952K, reserved 1116160K
  class space    used 9770K, capacity 10438K, committed 10496K, reserved 1048576K
}

