# JRE version: OpenJDK Runtime Environment (11.0.12+7) (build 11.0.12+7-b1504.28-7817840)
# Java VM: OpenJDK 64-Bit Server VM (11.0.12+7-b1504.28-7817840, mixed mode, tiered, compressed oops, g1 gc, windows-amd64)
Heap:
 garbage-first heap   total 155648K, used 19380K [0x0000000080000000, 0x0000000100000000)
  region size 1024K, 5 young (5120K), 5 survivors (5120K)
 Metaspace       used 25717K, capacity 26233K, committed 26368K, reserved 1073152K
  class space    used 3322K, capacity 3521K, committed 3584K, reserved 1048576K
GC Heap History (9 events):
Event: 0.467 GC heap before
{Heap before GC invocations=0 (full 0):
 garbage-first heap   total 129024K, used 29696K [0x0000000080000000, 0x0000000100000000)
  region size 1024K, 24 young (24576K), 0 survivors (0K)
 Metaspace       used 10184K, capacity 10397K, committed 10624K, reserved 1058816K
  class space    used 1063K, capacity 1108K, committed 1152K, reserved 1048576K
}
Event: 0.472 GC heap after
{Heap after GC invocations=1 (full 0):
 garbage-first heap   total 129024K, used 9530K [0x0000000080000000, 0x0000000100000000)
  region size 1024K, 3 young (3072K), 3 survivors (3072K)
 Metaspace       used 10184K, capacity 10397K, committed 10624K, reserved 1058816K
  class space    used 1063K, capacity 1108K, committed 1152K, reserved 1048576K
}
Event: 0.789 GC heap before
{Heap before GC invocations=1 (full 0):
 garbage-first heap   total 129024K, used 56634K [0x0000000080000000, 0x0000000100000000)
  region size 1024K, 49 young (50176K), 3 survivors (3072K)
 Metaspace       used 11406K, capacity 11634K, committed 11904K, reserved 1060864K
  class space    used 1206K, capacity 1286K, committed 1408K, reserved 1048576K
}
Event: 0.792 GC heap after
{Heap after GC invocations=2 (full 0):
 garbage-first heap   total 129024K, used 14148K [0x0000000080000000, 0x0000000100000000)
  region size 1024K, 7 young (7168K), 7 survivors (7168K)
 Metaspace       used 11406K, capacity 11634K, committed 11904K, reserved 1060864K
  class space    used 1206K, capacity 1286K, committed 1408K, reserved 1048576K
}
Event: 1.445 GC heap before
{Heap before GC invocations=2 (full 0):
 garbage-first heap   total 129024K, used 69444K [0x0000000080000000, 0x0000000100000000)
  region size 1024K, 61 young (62464K), 7 survivors (7168K)
 Metaspace       used 20080K, capacity 20495K, committed 20608K, reserved 1067008K
  class space    used 2481K, capacity 2646K, committed 2688K, reserved 1048576K
}
Event: 1.449 GC heap after
{Heap after GC invocations=3 (full 0):
 garbage-first heap   total 129024K, used 17105K [0x0000000080000000, 0x0000000100000000)
  region size 1024K, 7 young (7168K), 7 survivors (7168K)
 Metaspace       used 20080K, capacity 20495K, committed 20608K, reserved 1067008K
  class space    used 2481K, capacity 2646K, committed 2688K, reserved 1048576K
}
Event: 1.491 GC heap before
{Heap before GC invocations=3 (full 0):
 garbage-first heap   total 129024K, used 20177K [0x0000000080000000, 0x0000000100000000)
  region size 1024K, 11 young (11264K), 7 survivors (7168K)
 Metaspace       used 20746K, capacity 21144K, committed 21248K, reserved 1067008K
  class space    used 2554K, capacity 2713K, committed 2816K, reserved 1048576K
}
Event: 1.495 GC heap after
{Heap after GC invocations=4 (full 0):
 garbage-first heap   total 129024K, used 17630K [0x0000000080000000, 0x0000000100000000)
  region size 1024K, 4 young (4096K), 4 survivors (4096K)
 Metaspace       used 20746K, capacity 21144K, committed 21248K, reserved 1067008K
  class space    used 2554K, capacity 2713K, committed 2816K, reserved 1048576K
}
Event: 1.788 GC heap before
{Heap before GC invocations=5 (full 0):
 garbage-first heap   total 129024K, used 64734K [0x0000000080000000, 0x0000000100000000)
  region size 1024K, 51 young (52224K), 4 survivors (4096K)
 Metaspace       used 25717K, capacity 26233K, committed 26368K, reserved 1073152K
  class space    used 3322K, capacity 3521K, committed 3584K, reserved 1048576K
}

